< # , - >
< 标识符 , include >
< < , - >
< 标识符 , iostream >
< > , - >
< using , 关键字 >
< namespace , 关键字 >
< 标识符 , std >
< ; , - >
< int , 关键字 >
< 标识符 , main >
< ( , - >
< ) , - >
< { , - >
< int , 关键字 >
< 标识符 , x >
< = , - >
< 数字 , 12 >
< ; , - >
< int , 关键字 >
< 标识符 , y >
< = , - >
< 数字 , 14.5 >
< ; , - >
< 标识符 , cout >
< << , - >
< 标识符 , x >
< + , - >
< 标识符 , y >
< << , - >
< 标识符 , endl >
< ; , - >
< 标识符 , cout >
< << , - >
< ( , - >
< 标识符 , x >
< >> , - >
< 数字 , 1 >
< ) , - >
< << , - >
< 标识符 , endl >
< ; , - >
< 标识符 , cout >
< << , - >
< ( , - >
< 标识符 , x >
< = , - >
< 标识符 , x >
< << , - >
< 数字 , 1 >
< ) , - >
< << , - >
< 标识符 , endl >
< ; , - >
< int , 关键字 >
< 标识符 , a >
< = , - >
< ; , - >
< 标识符 , itn >
< 标识符 , v >
< = , - >
< ; , - >
< int , 关键字 >
< 标识符 , ss >
< = , - >
< ; , - >
< 标识符 , dafdaf >
< return , 关键字 >
< 数字 , 0 >
< ; , - >
< } , - >
< # , - >
< 标识符 , include >
< " , - >
< 字符串 , stdafx.h >
< " , - >
< # , - >
< 标识符 , include >
< < , - >
< 标识符 , cstdio >
< > , - >
< # , - >
< 标识符 , include >
< < , - >
< 标识符 , string >
< > , - >
< # , - >
< 标识符 , include >
< < , - >
< 标识符 , ctype >
< . , - >
< 标识符 , h >
< > , - >
< # , - >
< 标识符 , include >
< < , - >
< 标识符 , fstream >
< > , - >
< using , 关键字 >
< namespace , 关键字 >
< 标识符 , std >
< ; , - >
< const , 关键字 >
< int , 关键字 >
< 标识符 , RESERVEWORDNUM >
< = , - >
< 数字 , 73 >
< ; , - >
< const , 关键字 >
< int , 关键字 >
< 标识符 , OPERATORNUM >
< = , - >
< 数字 , 37 >
< ; , - >
< const , 关键字 >
< int , 关键字 >
< 标识符 , SPERATEOPERATOR >
< = , - >
< 数字 , 15 >
< ; , - >
< const , 关键字 >
< int , 关键字 >
< 标识符 , DELIMITERSNUM >
< = , - >
< 数字 , 11 >
< ; , - >
< int , 关键字 >
< 标识符 , lineNumber >
< = , - >
< 数字 , 1 >
< ; , - >
< 标识符 , string >
< 标识符 , errorMessage >
< = , - >
< " , - >
< " , - >
< ; , - >
< 标识符 , ofstream >
< 标识符 , cout >
< ( , - >
< " , - >
< 字符串 , Result.out >
< " , - >
< ) , - >
< ; , - >
< 标识符 , ifstream >
< 标识符 , cin >
< ( , - >
< " , - >
< 字符串 , Resource.in >
< " , - >
< ) , - >
< ; , - >
< static , 关键字 >
< 标识符 , string >
< 标识符 , ReserveWord >
< [ , - >
< 标识符 , RESERVEWORDNUM >
< ] , - >
< = , - >
< { , - >
< " , - >
< 字符串 , asm >
< " , - >
< , , - >
< " , - >
< 字符串 , do >
< " , - >
< , , - >
< " , - >
< 字符串 , if >
< " , - >
< , , - >
< " , - >
< 字符串 , return >
< " , - >
< , , - >
< " , - >
< 字符串 , typedef >
< " , - >
< , , - >
< " , - >
< 字符串 , auto >
< " , - >
< , , - >
< " , - >
< 字符串 , double >
< " , - >
< , , - >
< " , - >
< 字符串 , inline >
< " , - >
< , , - >
< " , - >
< 字符串 , short >
< " , - >
< , , - >
< " , - >
< 字符串 , typeid >
< " , - >
< , , - >
< " , - >
< 字符串 , bool >
< " , - >
< , , - >
< " , - >
< 字符串 , dynamic_cast >
< " , - >
< , , - >
< " , - >
< 字符串 , int >
< " , - >
< , , - >
< " , - >
< 字符串 , signed >
< " , - >
< , , - >
< " , - >
< 字符串 , typename >
< " , - >
< , , - >
< " , - >
< 字符串 , break >
< " , - >
< , , - >
< " , - >
< 字符串 , else >
< " , - >
< , , - >
< " , - >
< 字符串 , long >
< " , - >
< , , - >
< " , - >
< 字符串 , sizeof >
< " , - >
< , , - >
< " , - >
< 字符串 , union >
< " , - >
< , , - >
< " , - >
< 字符串 , case >
< " , - >
< , , - >
< " , - >
< 字符串 , enum >
< " , - >
< , , - >
< " , - >
< 字符串 , mutable >
< " , - >
< , , - >
< " , - >
< 字符串 , static >
< " , - >
< , , - >
< " , - >
< 字符串 , unsigned >
< " , - >
< , , - >
< " , - >
< 字符串 , catch >
< " , - >
< , , - >
< " , - >
< 字符串 , explicit >
< " , - >
< , , - >
< " , - >
< 字符串 , namespace >
< " , - >
< , , - >
< " , - >
< 字符串 , static_cast >
< " , - >
< , , - >
< " , - >
< 字符串 , using >
< " , - >
< , , - >
< " , - >
< 字符串 , char >
< " , - >
< , , - >
< " , - >
< 字符串 , export >
< " , - >
< , , - >
< " , - >
< 字符串 , new >
< " , - >
< , , - >
< " , - >
< 字符串 , struct >
< " , - >
< , , - >
< " , - >
< 字符串 , virtual >
< " , - >
< , , - >
< " , - >
< 字符串 , class >
< " , - >
< , , - >
< " , - >
< 字符串 , extern >
< " , - >
< , , - >
< " , - >
< 字符串 , operator >
< " , - >
< , , - >
< " , - >
< 字符串 , switch >
< " , - >
< , , - >
< " , - >
< 字符串 , void >
< " , - >
< , , - >
< " , - >
< 字符串 , const >
< " , - >
< , , - >
< " , - >
< 字符串 , false >
< " , - >
< , , - >
< " , - >
< 字符串 , private >
< " , - >
< , , - >
< " , - >
< 字符串 , template >
< " , - >
< , , - >
< " , - >
< 字符串 , volatile >
< " , - >
< , , - >
< " , - >
< 字符串 , const_cast >
< " , - >
< , , - >
< " , - >
< 字符串 , float >
< " , - >
< , , - >
< " , - >
< 字符串 , protected >
< " , - >
< , , - >
< " , - >
< 字符串 , this >
< " , - >
< , , - >
< " , - >
< 字符串 , wchar_t >
< " , - >
< , , - >
< " , - >
< 字符串 , continue >
< " , - >
< , , - >
< " , - >
< 字符串 , for >
< " , - >
< , , - >
< " , - >
< 字符串 , public >
< " , - >
< , , - >
< " , - >
< 字符串 , throw >
< " , - >
< , , - >
< " , - >
< 字符串 , while >
< " , - >
< , , - >
< " , - >
< 字符串 , default >
< " , - >
< , , - >
< " , - >
< 字符串 , friend >
< " , - >
< , , - >
< " , - >
< 字符串 , register >
< " , - >
< , , - >
< " , - >
< 字符串 , true >
< " , - >
< , , - >
< " , - >
< 字符串 , delete >
< " , - >
< , , - >
< " , - >
< 字符串 , goto >
< " , - >
< , , - >
< " , - >
< 字符串 , reinterpret_cast >
< " , - >
< , , - >
< " , - >
< 字符串 , try >
< " , - >
< , , - >
< " , - >
< 字符串 , alignas >
< " , - >
< , , - >
< " , - >
< 字符串 , alignof >
< " , - >
< , , - >
< " , - >
< 字符串 , char16_t >
< " , - >
< , , - >
< " , - >
< 字符串 , char32_t >
< " , - >
< , , - >
< " , - >
< 字符串 , constexpr >
< " , - >
< , , - >
< " , - >
< 字符串 , decltype >
< " , - >
< , , - >
< " , - >
< 字符串 , noexcept >
< " , - >
< , , - >
< " , - >
< 字符串 , nullptr >
< " , - >
< , , - >
< " , - >
< 字符串 , static_assert >
< " , - >
< , , - >
< " , - >
< 字符串 , thread_local >
< " , - >
< } , - >
< ; , - >
< static , 关键字 >
< char , 关键字 >
< 标识符 , SperateOperator >
< [ , - >
< 标识符 , SPERATEOPERATOR >
< ] , - >
< = , - >
< { , - >
< ' , - >
< 字符常量 , + , - >
< ' , - >
< , , - >
< ' , - >
< 字符常量 , - , - >
< ' , - >
< , , - >
< ' , - >
< 字符常量 , * , - >
< ' , - >
< , , - >
< ' , - >
< 字符常量 , / , - >
< ' , - >
< , , - >
< ' , - >
< 字符常量 , > , - >
< ' , - >
< , , - >
< ' , - >
< 字符常量 , = , - >
< ' , - >
< , , - >
< ' , - >
< 字符常量 , < , - >
< ' , - >
< , , - >
< ' , - >
< 字符常量 , ! , - >
< ' , - >
< , , - >
< ' , - >
< 字符常量 , ^ , - >
< ' , - >
< , , - >
< ' , - >
< 字符常量 , & , - >
< ' , - >
< , , - >
< ' , - >
< 字符常量 , | , - >
< ' , - >
< , , - >
< ' , - >
< 字符常量 , % , - >
< ' , - >
< , , - >
< ' , - >
< 字符常量 , ~ , - >
< ' , - >
< , , - >
< ' , - >
< 字符常量 , \? >
< ' , - >
< , , - >
< ' , - >
< 字符常量 , : , - >
< ' , - >
< } , - >
< ; , - >
< static , 关键字 >
< 标识符 , string >
< 标识符 , Operator >
< [ , - >
< 标识符 , OPERATORNUM >
< ] , - >
< = , - >
< { , - >
< " , - >
< 字符串 , + >
< " , - >
< , , - >
< " , - >
< 字符串 , - >
< " , - >
< , , - >
< " , - >
< 字符串 , * >
< " , - >
< , , - >
< " , - >
< 字符串 , / >
< " , - >
< , , - >
< " , - >
< 字符串 , ++ >
< " , - >
< , , - >
< " , - >
< 字符串 , -- >
< " , - >
< , , - >
< " , - >
< 字符串 , < >
< " , - >
< , , - >
< " , - >
< 字符串 , <= >
< " , - >
< , , - >
< " , - >
< 字符串 , > >
< " , - >
< , , - >
< " , - >
< 字符串 , >= >
< " , - >
< , , - >
< " , - >
< 字符串 , = >
< " , - >
< , , - >
< " , - >
< 字符串 , == >
< " , - >
< , , - >
< " , - >
< 字符串 , != >
< " , - >
< , , - >
< " , - >
< 字符串 , ^ >
< " , - >
< , , - >
< " , - >
< 字符串 , & >
< " , - >
< , , - >
< " , - >
< 字符串 , && >
< " , - >
< , , - >
< " , - >
< 字符串 , | >
< " , - >
< , , - >
< " , - >
< 字符串 , || >
< " , - >
< , , - >
< " , - >
< 字符串 , ! >
< " , - >
< , , - >
< " , - >
< 字符串 , % >
< " , - >
< , , - >
< " , - >
< 字符串 , ~ >
< " , - >
< , , - >
< " , - >
< 字符串 , << >
< " , - >
< , , - >
< " , - >
< 字符串 , >> >
< " , - >
< , , - >
< " , - >
< 字符串 , . >
< " , - >
< , , - >
< " , - >
< 字符串 , \? >
< " , - >
< , , - >
< " , - >
< 字符串 , : >
< " , - >
< , , - >
< " , - >
< 字符串 , += >
< " , - >
< , , - >
< " , - >
< 字符串 , -= >
< " , - >
< , , - >
< " , - >
< 字符串 , /= >
< " , - >
< , , - >
< " , - >
< 字符串 , *= >
< " , - >
< , , - >
< " , - >
< 字符串 , %= >
< " , - >
< , , - >
< " , - >
< 字符串 , >>= >
< " , - >
< , , - >
< " , - >
< 字符串 , <<= >
< " , - >
< , , - >
< " , - >
< 字符串 , &= >
< " , - >
< , , - >
< " , - >
< 字符串 , ^= >
< " , - >
< , , - >
< " , - >
< 字符串 , |= >
< " , - >
< , , - >
< " , - >
< 字符串 , -> >
< " , - >
< } , - >
< ; , - >
< static , 关键字 >
< char , 关键字 >
< 标识符 , Delimiters >
< [ , - >
< 标识符 , DELIMITERSNUM >
< ] , - >
< = , - >
< { , - >
< ' , - >
< 字符常量 , ; , - >
< ' , - >
< , , - >
< ' , - >
< 字符常量 , ( , - >
< ' , - >
< , , - >
< ' , - >
< 字符常量 , ) , - >
< ' , - >
< , , - >
< ' , - >
< 字符常量 , , , - >
< ' , - >
< , , - >
< ' , - >
< 字符常量 , # , - >
< ' , - >
< , , - >
< ' , - >
< 字符常量 , [ , - >
< ' , - >
< , , - >
< ' , - >
< 字符常量 , ] , - >
< ' , - >
< , , - >
< ' , - >
< 字符常量 , { , - >
< ' , - >
< , , - >
< ' , - >
< 字符常量 , } , - >
< ' , - >
< , , - >
< ' , - >
< 字符常量 , : , - >
< ' , - >
< , , - >
< ' , - >
< 字符常量 , . , - >
< ' , - >
< } , - >
< ; , - >
< static , 关键字 >
< bool , 关键字 >
< 标识符 , isReserveWord >
< ( , - >
< 标识符 , string >
< 标识符 , str >
< ) , - >
< { , - >
< for , 关键字 >
< ( , - >
< int , 关键字 >
< 标识符 , i >
< = , - >
< 数字 , 0 >
< ; , - >
< 标识符 , i >
< < , - >
< 标识符 , RESERVEWORDNUM >
< ; , - >
< 标识符 , i >
< ++ , - >
< ) , - >
< { , - >
< if , 关键字 >
< ( , - >
< 标识符 , str >
< == , - >
< 标识符 , ReserveWord >
< [ , - >
< 标识符 , i >
< ] , - >
< ) , - >
< return , 关键字 >
< true , 关键字 >
< ; , - >
< } , - >
< return , 关键字 >
< false , 关键字 >
< ; , - >
< } , - >
< static , 关键字 >
< bool , 关键字 >
< 标识符 , isOperator >
< ( , - >
< 标识符 , string >
< 标识符 , str >
< ) , - >
< { , - >
< for , 关键字 >
< ( , - >
< int , 关键字 >
< 标识符 , i >
< = , - >
< 数字 , 0 >
< ; , - >
< 标识符 , i >
< < , - >
< 标识符 , OPERATORNUM >
< ; , - >
< 标识符 , i >
< ++ , - >
< ) , - >
< { , - >
< if , 关键字 >
< ( , - >
< 标识符 , str >
< == , - >
< 标识符 , Operator >
< [ , - >
< 标识符 , i >
< ] , - >
< ) , - >
< return , 关键字 >
< true , 关键字 >
< ; , - >
< } , - >
< return , 关键字 >
< false , 关键字 >
< ; , - >
< } , - >
< static , 关键字 >
< bool , 关键字 >
< 标识符 , isDelimiters >
< ( , - >
< char , 关键字 >
< 标识符 , ch >
< ) , - >
< { , - >
< for , 关键字 >
< ( , - >
< int , 关键字 >
< 标识符 , i >
< = , - >
< 数字 , 0 >
< ; , - >
< 标识符 , i >
< < , - >
< 标识符 , DELIMITERSNUM >
< ; , - >
< 标识符 , i >
< ++ , - >
< ) , - >
< { , - >
< if , 关键字 >
< ( , - >
< 标识符 , ch >
< == , - >
< 标识符 , Delimiters >
< [ , - >
< 标识符 , i >
< ] , - >
< ) , - >
< return , 关键字 >
< true , 关键字 >
< ; , - >
< } , - >
< return , 关键字 >
< false , 关键字 >
< ; , - >
< } , - >
< static , 关键字 >
< bool , 关键字 >
< 标识符 , isSperateOperator >
< ( , - >
< char , 关键字 >
< 标识符 , ch >
< ) , - >
< { , - >
< for , 关键字 >
< ( , - >
< int , 关键字 >
< 标识符 , i >
< = , - >
< 数字 , 0 >
< ; , - >
< 标识符 , i >
< < , - >
< 标识符 , SPERATEOPERATOR >
< ; , - >
< 标识符 , i >
< ++ , - >
< ) , - >
< { , - >
< if , 关键字 >
< ( , - >
< 标识符 , ch >
< == , - >
< 标识符 , SperateOperator >
< [ , - >
< 标识符 , i >
< ] , - >
< ) , - >
< return , 关键字 >
< true , 关键字 >
< ; , - >
< } , - >
< return , 关键字 >
< false , 关键字 >
< ; , - >
< } , - >
< void , 关键字 >
< 标识符 , lexical_analyze >
< ( , - >
< 标识符 , string >
< 标识符 , resource >
< , , - >
< int , 关键字 >
< 标识符 , location >
< ) , - >
< { , - >
< int , 关键字 >
< 标识符 , len >
< = , - >
< 标识符 , resource >
< . , - >
< 标识符 , length >
< ( , - >
< ) , - >
< ; , - >
< while , 关键字 >
< ( , - >
< 标识符 , location >
< < , - >
< 标识符 , len >
< ) , - >
< { , - >
< if , 关键字 >
< ( , - >
< 标识符 , resource >
< [ , - >
< 标识符 , location >
< ] , - >
< == , - >
< ' , - >
< 字符常量 ,   , - >
< ' , - >
< ) , - >
< { , - >
< 标识符 , location >
< ++ , - >
< ; , - >
< } , - >
< else , 关键字 >
< if , 关键字 >
< ( , - >
< ! , - >
< 标识符 , isprint >
< ( , - >
< 标识符 , resource >
< [ , - >
< 标识符 , location >
< ] , - >
< ) , - >
< ) , - >
< { , - >
< if , 关键字 >
< ( , - >
< 标识符 , resource >
< [ , - >
< 标识符 , location >
< ] , - >
< == , - >
< ' , - >
< 字符常量 , \n >
< ' , - >
< ) , - >
< { , - >
< 标识符 , lineNumber >
< ++ , - >
< ; , - >
< } , - >
< 标识符 , location >
< ++ , - >
< ; , - >
< } , - >
< else , 关键字 >
< if , 关键字 >
< ( , - >
< 标识符 , resource >
< [ , - >
< 标识符 , location >
< ] , - >
< == , - >
< ' , - >
< 字符常量 , / , - >
< ' , - >
< && , - >
< ( , - >
< 标识符 , resource >
< [ , - >
< 标识符 , location >
< + , - >
< 数字 , 1 >
< ] , - >
< == , - >
< ' , - >
< 字符常量 , * , - >
< ' , - >
< || , - >
< 标识符 , resource >
< [ , - >
< 标识符 , location >
< + , - >
< 数字 , 1 >
< ] , - >
< == , - >
< ' , - >
< 字符常量 , / , - >
< ' , - >
< ) , - >
< ) , - >
< { , - >
< 标识符 , string >
< 标识符 , temp_annotation >
< = , - >
< " , - >
< " , - >
< ; , - >
< if , 关键字 >
< ( , - >
< 标识符 , resource >
< [ , - >
< 标识符 , location >
< + , - >
< 数字 , 1 >
< ] , - >
< == , - >
< ' , - >
< 字符常量 , / , - >
< ' , - >
< ) , - >
< { , - >
< while , 关键字 >
< ( , - >
< 标识符 , resource >
< [ , - >
< 标识符 , location >
< ] , - >
< != , - >
< ' , - >
< 字符常量 , \n >
< ' , - >
< ) , - >
< { , - >
< 标识符 , location >
< ++ , - >
< ; , - >
< } , - >
< 标识符 , lineNumber >
< ++ , - >
< ; , - >
< 标识符 , location >
< ++ , - >
< ; , - >
< } , - >
< else , 关键字 >
< if , 关键字 >
< ( , - >
< 标识符 , resource >
< [ , - >
< 标识符 , location >
< + , - >
< 数字 , 1 >
< ] , - >
< == , - >
< ' , - >
< 字符常量 , * , - >
< ' , - >
< ) , - >
< { , - >
< int , 关键字 >
< 标识符 , tmp_loc >
< = , - >
< 标识符 , location >
< + , - >
< 数字 , 2 >
< ; , - >
< int , 关键字 >
< 标识符 , temp_line >
< = , - >
< 标识符 , lineNumber >
< ; , - >
< while , 关键字 >
< ( , - >
< 标识符 , tmp_loc >
< < , - >
< 标识符 , len >
< - , - >
< 数字 , 1 >
< && , - >
< ! , - >
< ( , - >
< 标识符 , resource >
< [ , - >
< 标识符 , tmp_loc >
< ] , - >
< == , - >
< ' , - >
< 字符常量 , * , - >
< ' , - >
< && , - >
< 标识符 , resource >
< [ , - >
< 标识符 , tmp_loc >
< + , - >
< 数字 , 1 >
< ] , - >
< == , - >
< ' , - >
< 字符常量 , / , - >
< ' , - >
< ) , - >
< ) , - >
< { , - >
< if , 关键字 >
< ( , - >
< 标识符 , resource >
< [ , - >
< 标识符 , tmp_loc >
< ] , - >
< == , - >
< ' , - >
< 字符常量 , \n >
< ' , - >
< ) , - >
< { , - >
< 标识符 , temp_line >
< ++ , - >
< ; , - >
< } , - >
< 标识符 , tmp_loc >
< ++ , - >
< ; , - >
< } , - >
< if , 关键字 >
< ( , - >
< 标识符 , tmp_loc >
< >= , - >
< 标识符 , len >
< - , - >
< 数字 , 1 >
< ) , - >
< { , - >
< 标识符 , string >
< 标识符 , tmp >
< = , - >
< " , - >
< 字符串 , 第  >
< " , - >
< + , - >
< 标识符 , to_string >
< ( , - >
< 标识符 , lineNumber >
< ) , - >
< + , - >
< " , - >
< 字符串 ,  行注释有错误\n >
< " , - >
< ; , - >
< 标识符 , errorMessage >
< = , - >
< 标识符 , errorMessage >
< + , - >
< 标识符 , tmp >
< ; , - >
< 标识符 , location >
< += , - >
< 数字 , 2 >
< ; , - >
< } , - >
< else , 关键字 >
< { , - >
< 标识符 , location >
< = , - >
< 标识符 , tmp_loc >
< + , - >
< 数字 , 2 >
< ; , - >
< 标识符 , lineNumber >
< = , - >
< 标识符 , temp_line >
< ; , - >
< } , - >
< } , - >
< } , - >
< else , 关键字 >
< if , 关键字 >
< ( , - >
< 标识符 , isalpha >
< ( , - >
< 标识符 , resource >
< [ , - >
< 标识符 , location >
< ] , - >
< ) , - >
< || , - >
< 标识符 , resource >
< [ , - >
< 标识符 , location >
< ] , - >
< == , - >
< ' , - >
< 字符常量 , _ , - >
< ' , - >
< ) , - >
< { , - >
< 标识符 , string >
< 标识符 , temp_identifier >
< = , - >
< " , - >
< " , - >
< ; , - >
< bool , 关键字 >
< 标识符 , isWrong >
< = , - >
< false , 关键字 >
< ; , - >
< 标识符 , temp_identifier >
< = , - >
< 标识符 , temp_identifier >
< + , - >
< 标识符 , resource >
< [ , - >
< 标识符 , location >
< ] , - >
< ; , - >
< 标识符 , location >
< ++ , - >
< ; , - >
< while , 关键字 >
< ( , - >
< ! , - >
< ( , - >
< 标识符 , resource >
< [ , - >
< 标识符 , location >
< ] , - >
< == , - >
< ' , - >
< 字符常量 ,   , - >
< ' , - >
< || , - >
< 标识符 , isSperateOperator >
< ( , - >
< 标识符 , resource >
< [ , - >
< 标识符 , location >
< ] , - >
< ) , - >
< || , - >
< 标识符 , isDelimiters >
< ( , - >
< 标识符 , resource >
< [ , - >
< 标识符 , location >
< ] , - >
< ) , - >
< || , - >
< 标识符 , resource >
< [ , - >
< 标识符 , location >
< ] , - >
< == , - >
< ' , - >
< 字符常量 , \n >
< ' , - >
< ) , - >
< ) , - >
< { , - >
< 标识符 , temp_identifier >
< = , - >
< 标识符 , temp_identifier >
< + , - >
< 标识符 , resource >
< [ , - >
< 标识符 , location >
< ] , - >
< ; , - >
< if , 关键字 >
< ( , - >
< ! , - >
< ( , - >
< 标识符 , isalnum >
< ( , - >
< 标识符 , resource >
< [ , - >
< 标识符 , location >
< ] , - >
< ) , - >
< || , - >
< 标识符 , resource >
< [ , - >
< 标识符 , location >
< ] , - >
< == , - >
< ' , - >
< 字符常量 , _ , - >
< ' , - >
< ) , - >
< ) , - >
< { , - >
< 标识符 , isWrong >
< = , - >
< true , 关键字 >
< ; , - >
< } , - >
< 标识符 , location >
< ++ , - >
< ; , - >
< } , - >
< if , 关键字 >
< ( , - >
< 标识符 , isReserveWord >
< ( , - >
< 标识符 , temp_identifier >
< ) , - >
< ) , - >
< { , - >
< 标识符 , cout >
< << , - >
< " , - >
< 字符串 , <  >
< " , - >
< << , - >
< 标识符 , temp_identifier >
< << , - >
< " , - >
< 字符串 ,  , 关键字 > >
< " , - >
< << , - >
< 标识符 , endl >
< ; , - >
< } , - >
< else , 关键字 >
< if , 关键字 >
< ( , - >
< ! , - >
< 标识符 , isWrong >
< ) , - >
< { , - >
< 标识符 , cout >
< << , - >
< " , - >
< 字符串 , < 标识符 ,  >
< " , - >
< << , - >
< 标识符 , temp_identifier >
< << , - >
< " , - >
< 字符串 ,  > >
< " , - >
< << , - >
< 标识符 , endl >
< ; , - >
< } , - >
< else , 关键字 >
< { , - >
< 标识符 , string >
< 标识符 , tmp >
< = , - >
< " , - >
< 字符串 , 第  >
< " , - >
< + , - >
< 标识符 , to_string >
< ( , - >
< 标识符 , lineNumber >
< ) , - >
< + , - >
< " , - >
< 字符串 ,  行标识符 >
< " , - >
< + , - >
< 标识符 , temp_identifier >
< + , - >
< " , - >
< 字符串 , 有错误！\n >
< " , - >
< ; , - >
< 标识符 , errorMessage >
< = , - >
< 标识符 , errorMessage >
< + , - >
< 标识符 , tmp >
< ; , - >
< } , - >
< } , - >
< else , 关键字 >
< if , 关键字 >
< ( , - >
< 标识符 , isdigit >
< ( , - >
< 标识符 , resource >
< [ , - >
< 标识符 , location >
< ] , - >
< ) , - >
< ) , - >
< { , - >
< 标识符 , string >
< 标识符 , temp_number >
< = , - >
< " , - >
< " , - >
< ; , - >
< enum , 关键字 >
< 标识符 , States >
< { , - >
< 标识符 , Start >
< , , - >
< 标识符 , One >
< , , - >
< 标识符 , Two >
< , , - >
< 标识符 , Three >
< , , - >
< 标识符 , Four >
< , , - >
< 标识符 , Five >
< , , - >
< 标识符 , Six >
< , , - >
< 标识符 , Seven >
< , , - >
< 标识符 , Err >
< } , - >
< ; , - >
< int , 关键字 >
< 标识符 , i >
< = , - >
< 数字 , 0 >
< , , - >
< 标识符 , flag >
< = , - >
< 数字 , 0 >
< ; , - >
< char , 关键字 >
< 标识符 , ch >
< ; , - >
< enum , 关键字 >
< 标识符 , States >
< 标识符 , state >
< = , - >
< 标识符 , Start >
< ; , - >
< while , 关键字 >
< ( , - >
< 标识符 , ch >
< = , - >
< 标识符 , resource >
< [ , - >
< 标识符 , location >
< ] , - >
< ) , - >
< { , - >
< if , 关键字 >
< ( , - >
< 标识符 , flag >
< ) , - >
< { , - >
< break , 关键字 >
< ; , - >
< } , - >
< switch , 关键字 >
< ( , - >
< 标识符 , state >
< ) , - >
< { , - >
< case , 关键字 >
< 标识符 , Start >
< : , - >
< if , 关键字 >
< ( , - >
< 标识符 , isdigit >
< ( , - >
< 标识符 , ch >
< ) , - >
< ) , - >
< 标识符 , state >
< = , - >
< 标识符 , One >
< ; , - >
< else , 关键字 >
< if , 关键字 >
< ( , - >
< 标识符 , ch >
< == , - >
< ' , - >
< 字符常量 , . , - >
< ' , - >
< ) , - >
< 标识符 , state >
< = , - >
< 标识符 , Six >
< ; , - >
< else , 关键字 >
< { , - >
< 标识符 , state >
< = , - >
< 标识符 , Err >
< ; , - >
< break , 关键字 >
< ; , - >
< } , - >
< if , 关键字 >
< ( , - >
< 标识符 , state >
< != , - >
< 标识符 , Err >
< || , - >
< 标识符 , state >
< != , - >
< 标识符 , Seven >
< ) , - >
< { , - >
< 标识符 , temp_number >
< = , - >
< 标识符 , temp_number >
< + , - >
< 标识符 , ch >
< ; , - >
< } , - >
< 标识符 , location >
< ++ , - >
< ; , - >
< break , 关键字 >
< ; , - >
< case , 关键字 >
< 标识符 , One >
< : , - >
< if , 关键字 >
< ( , - >
< 标识符 , isdigit >
< ( , - >
< 标识符 , ch >
< ) , - >
< ) , - >
< 标识符 , state >
< = , - >
< 标识符 , One >
< ; , - >
< else , 关键字 >
< if , 关键字 >
< ( , - >
< 标识符 , ch >
< == , - >
< ' , - >
< 字符常量 , . , - >
< ' , - >
< ) , - >
< 标识符 , state >
< = , - >
< 标识符 , Two >
< ; , - >
< else , 关键字 >
< if , 关键字 >
< ( , - >
< 标识符 , isDelimiters >
< ( , - >
< 标识符 , ch >
< ) , - >
< || , - >
< 标识符 , ch >
< == , - >
< ' , - >
< 字符常量 ,   , - >
< ' , - >
< ) , - >
< { , - >
< 标识符 , state >
< = , - >
< 标识符 , Seven >
< ; , - >
< break , 关键字 >
< ; , - >
< } , - >
< else , 关键字 >
< if , 关键字 >
< ( , - >
< 标识符 , ch >
< == , - >
< ' , - >
< 字符常量 , E , - >
< ' , - >
< || , - >
< 标识符 , ch >
< == , - >
< ' , - >
< 字符常量 , D , - >
< ' , - >
< || , - >
< 标识符 , ch >
< == , - >
< ' , - >
< 字符常量 , e , - >
< ' , - >
< || , - >
< 标识符 , ch >
< == , - >
< ' , - >
< 字符常量 , d , - >
< ' , - >
< ) , - >
< 标识符 , state >
< = , - >
< 标识符 , Three >
< ; , - >
< else , 关键字 >
< if , 关键字 >
< ( , - >
< 标识符 , ch >
< == , - >
< ' , - >
< 字符常量 , \n >
< ' , - >
< ) , - >
< { , - >
< 标识符 , state >
< = , - >
< 标识符 , Seven >
< ; , - >
< break , 关键字 >
< ; , - >
< } , - >
< else , 关键字 >
< { , - >
< 标识符 , state >
< = , - >
< 标识符 , Err >
< ; , - >
< break , 关键字 >
< ; , - >
< } , - >
< if , 关键字 >
< ( , - >
< 标识符 , state >
< != , - >
< 标识符 , Err >
< && , - >
< 标识符 , state >
< != , - >
< 标识符 , Seven >
< ) , - >
< { , - >
< 标识符 , temp_number >
< = , - >
< 标识符 , temp_number >
< + , - >
< 标识符 , ch >
< ; , - >
< } , - >
< 标识符 , location >
< ++ , - >
< ; , - >
< break , 关键字 >
< ; , - >
< case , 关键字 >
< 标识符 , Two >
< : , - >
< if , 关键字 >
< ( , - >
< 标识符 , isdigit >
< ( , - >
< 标识符 , ch >
< ) , - >
< ) , - >
< 标识符 , state >
< = , - >
< 标识符 , Two >
< ; , - >
< else , 关键字 >
< if , 关键字 >
< ( , - >
< 标识符 , ch >
< == , - >
< ' , - >
< 字符常量 , E , - >
< ' , - >
< || , - >
< 标识符 , ch >
< == , - >
< ' , - >
< 字符常量 , D , - >
< ' , - >
< || , - >
< 标识符 , ch >
< == , - >
< ' , - >
< 字符常量 , e , - >
< ' , - >
< || , - >
< 标识符 , ch >
< == , - >
< ' , - >
< 字符常量 , d , - >
< ' , - >
< ) , - >
< 标识符 , state >
< = , - >
< 标识符 , Three >
< ; , - >
< else , 关键字 >
< if , 关键字 >
< ( , - >
< 标识符 , isDelimiters >
< ( , - >
< 标识符 , ch >
< ) , - >
< || , - >
< 标识符 , ch >
< == , - >
< ' , - >
< 字符常量 ,   , - >
< ' , - >
< ) , - >
< { , - >
< 标识符 , state >
< = , - >
< 标识符 , Seven >
< ; , - >
< break , 关键字 >
< ; , - >
< } , - >
< else , 关键字 >
< { , - >
< 标识符 , state >
< = , - >
< 标识符 , Err >
< ; , - >
< break , 关键字 >
< ; , - >
< } , - >
< if , 关键字 >
< ( , - >
< 标识符 , state >
< != , - >
< 标识符 , Err >
< && , - >
< 标识符 , state >
< != , - >
< 标识符 , Seven >
< ) , - >
< { , - >
< 标识符 , temp_number >
< = , - >
< 标识符 , temp_number >
< + , - >
< 标识符 , ch >
< ; , - >
< } , - >
< 标识符 , location >
< ++ , - >
< ; , - >
< break , 关键字 >
< ; , - >
< case , 关键字 >
< 标识符 , Three >
< : , - >
< if , 关键字 >
< ( , - >
< 标识符 , ch >
< == , - >
< ' , - >
< 字符常量 , + , - >
< ' , - >
< || , - >
< 标识符 , ch >
< == , - >
< ' , - >
< 字符常量 , - , - >
< ' , - >
< ) , - >
< 标识符 , state >
< = , - >
< 标识符 , Four >
< ; , - >
< else , 关键字 >
< if , 关键字 >
< ( , - >
< 标识符 , isdigit >
< ( , - >
< 标识符 , ch >
< ) , - >
< ) , - >
< 标识符 , state >
< = , - >
< 标识符 , Five >
< ; , - >
< else , 关键字 >
< { , - >
< 标识符 , state >
< = , - >
< 标识符 , Err >
< ; , - >
< break , 关键字 >
< ; , - >
< } , - >
< if , 关键字 >
< ( , - >
< 标识符 , state >
< != , - >
< 标识符 , Err >
< && , - >
< 标识符 , state >
< != , - >
< 标识符 , Seven >
< ) , - >
< { , - >
< 标识符 , temp_number >
< = , - >
< 标识符 , temp_number >
< + , - >
< 标识符 , ch >
< ; , - >
< } , - >
< 标识符 , location >
< ++ , - >
< ; , - >
< break , 关键字 >
< ; , - >
< case , 关键字 >
< 标识符 , Four >
< : , - >
< if , 关键字 >
< ( , - >
< 标识符 , isdigit >
< ( , - >
< 标识符 , ch >
< ) , - >
< ) , - >
< 标识符 , state >
< = , - >
< 标识符 , Five >
< ; , - >
< else , 关键字 >
< { , - >
< 标识符 , state >
< = , - >
< 标识符 , Err >
< ; , - >
< break , 关键字 >
< ; , - >
< } , - >
< if , 关键字 >
< ( , - >
< 标识符 , state >
< != , - >
< 标识符 , Err >
< && , - >
< 标识符 , state >
< != , - >
< 标识符 , Seven >
< ) , - >
< { , - >
< 标识符 , temp_number >
< = , - >
< 标识符 , temp_number >
< + , - >
< 标识符 , ch >
< ; , - >
< } , - >
< 标识符 , location >
< ++ , - >
< ; , - >
< break , 关键字 >
< ; , - >
< case , 关键字 >
< 标识符 , Five >
< : , - >
< if , 关键字 >
< ( , - >
< 标识符 , isdigit >
< ( , - >
< 标识符 , ch >
< ) , - >
< ) , - >
< 标识符 , state >
< = , - >
< 标识符 , Five >
< ; , - >
< else , 关键字 >
< if , 关键字 >
< ( , - >
< 标识符 , isDelimiters >
< ( , - >
< 标识符 , ch >
< ) , - >
< || , - >
< 标识符 , ch >
< == , - >
< ' , - >
< 字符常量 ,   , - >
< ' , - >
< ) , - >
< { , - >
< 标识符 , state >
< = , - >
< 标识符 , Seven >
< ; , - >
< break , 关键字 >
< ; , - >
< } , - >
< else , 关键字 >
< { , - >
< 标识符 , state >
< = , - >
< 标识符 , Err >
< ; , - >
< break , 关键字 >
< ; , - >
< } , - >
< if , 关键字 >
< ( , - >
< 标识符 , state >
< != , - >
< 标识符 , Err >
< && , - >
< 标识符 , state >
< != , - >
< 标识符 , Seven >
< ) , - >
< { , - >
< 标识符 , temp_number >
< = , - >
< 标识符 , temp_number >
< + , - >
< 标识符 , ch >
< ; , - >
< } , - >
< 标识符 , location >
< ++ , - >
< ; , - >
< break , 关键字 >
< ; , - >
< case , 关键字 >
< 标识符 , Six >
< : , - >
< if , 关键字 >
< ( , - >
< 标识符 , isdigit >
< ( , - >
< 标识符 , ch >
< ) , - >
< ) , - >
< { , - >
< 标识符 , state >
< = , - >
< 标识符 , Two >
< ; , - >
< } , - >
< else , 关键字 >
< { , - >
< 标识符 , state >
< = , - >
< 标识符 , Err >
< ; , - >
< break , 关键字 >
< ; , - >
< } , - >
< if , 关键字 >
< ( , - >
< 标识符 , state >
< != , - >
< 标识符 , Err >
< && , - >
< 标识符 , state >
< != , - >
< 标识符 , Seven >
< ) , - >
< { , - >
< 标识符 , temp_number >
< = , - >
< 标识符 , temp_number >
< + , - >
< 标识符 , ch >
< ; , - >
< } , - >
< 标识符 , location >
< ++ , - >
< ; , - >
< break , 关键字 >
< ; , - >
< case , 关键字 >
< 标识符 , Seven >
< : , - >
< if , 关键字 >
< ( , - >
< 标识符 , ch >
< == , - >
< ' , - >
< 字符常量 , \n >
< ' , - >
< ) , - >
< { , - >
< 标识符 , lineNumber >
< ++ , - >
< ; , - >
< 标识符 , location >
< ++ , - >
< ; , - >
< } , - >
< 标识符 , flag >
< = , - >
< 数字 , 1 >
< ; , - >
< break , 关键字 >
< ; , - >
< case , 关键字 >
< 标识符 , Err >
< : , - >
< if , 关键字 >
< ( , - >
< 标识符 , flag >
< == , - >
< 数字 , 0 >
< ) , - >
< { , - >
< while , 关键字 >
< ( , - >
< ! , - >
< ( , - >
< 标识符 , ch >
< == , - >
< ' , - >
< 字符常量 ,   , - >
< ' , - >
< || , - >
< 标识符 , isSperateOperator >
< ( , - >
< 标识符 , ch >
< ) , - >
< || , - >
< 标识符 , isDelimiters >
< ( , - >
< 标识符 , ch >
< ) , - >
< || , - >
< 标识符 , ch >
< == , - >
< ' , - >
< 字符常量 , \n >
< ' , - >
< ) , - >
< ) , - >
< { , - >
< 标识符 , temp_number >
< += , - >
< 标识符 , resource >
< [ , - >
< 标识符 , location >
< ] , - >
< ; , - >
< 标识符 , location >
< ++ , - >
< ; , - >
< 标识符 , ch >
< = , - >
< 标识符 , resource >
< [ , - >
< 标识符 , location >
< ] , - >
< ; , - >
< } , - >
< 标识符 , string >
< 标识符 , tmp >
< = , - >
< " , - >
< 字符串 , 第  >
< " , - >
< + , - >
< 标识符 , to_string >
< ( , - >
< 标识符 , lineNumber >
< ) , - >
< + , - >
< " , - >
< 字符串 ,  行常数 >
< " , - >
< + , - >
< 标识符 , temp_number >
< + , - >
< " , - >
< 字符串 , 有错误！\n >
< " , - >
< ; , - >
< 标识符 , errorMessage >
< = , - >
< 标识符 , errorMessage >
< + , - >
< 标识符 , tmp >
< ; , - >
< 标识符 , flag >
< = , - >
< 数字 , 1 >
< ; , - >
< } , - >
< break , 关键字 >
< ; , - >
< } , - >
< } , - >
< if , 关键字 >
< ( , - >
< 标识符 , state >
< == , - >
< 标识符 , One >
< || , - >
< 标识符 , state >
< == , - >
< 标识符 , Two >
< || , - >
< 标识符 , state >
< == , - >
< 标识符 , Five >
< || , - >
< 标识符 , state >
< == , - >
< 标识符 , Seven >
< ) , - >
< 标识符 , cout >
< << , - >
< " , - >
< 字符串 , < 数字 ,  >
< " , - >
< << , - >
< 标识符 , temp_number >
< << , - >
< " , - >
< 字符串 ,  > >
< " , - >
< << , - >
< 标识符 , endl >
< ; , - >
< } , - >
< else , 关键字 >
< if , 关键字 >
< ( , - >
< 标识符 , resource >
< [ , - >
< 标识符 , location >
< ] , - >
< == , - >
< ' , - >
< 字符常量 , " , - >
< ' , - >
< ) , - >
< { , - >
< 标识符 , string >
< 标识符 , temp_string >
< = , - >
< " , - >
< " , - >
< ; , - >
< 标识符 , cout >
< << , - >
< " , - >
< 字符串 , <  >
< " , - >
< << , - >
< 标识符 , resource >
< [ , - >
< 标识符 , location >
< ] , - >
< << , - >
< " , - >
< 字符串 ,  , - > >
< " , - >
< << , - >
< 标识符 , endl >
< ; , - >
< int , 关键字 >
< 标识符 , tmp_loc >
< = , - >
< 标识符 , location >
< + , - >
< 数字 , 1 >
< ; , - >
< while , 关键字 >
< ( , - >
< 标识符 , resource >
< [ , - >
< 标识符 , tmp_loc >
< ] , - >
< != , - >
< ' , - >
< 字符常量 , " , - >
< ' , - >
< && , - >
< 标识符 , resource >
< [ , - >
< 标识符 , tmp_loc >
< ] , - >
< != , - >
< ' , - >
< 字符常量 , \n >
< ' , - >
< ) , - >
< { , - >
< 标识符 , temp_string >
< = , - >
< 标识符 , temp_string >
< + , - >
< 标识符 , resource >
< [ , - >
< 标识符 , tmp_loc >
< ] , - >
< ; , - >
< 标识符 , tmp_loc >
< ++ , - >
< ; , - >
< } , - >
< if , 关键字 >
< ( , - >
< 标识符 , resource >
< [ , - >
< 标识符 , tmp_loc >
< ] , - >
< == , - >
< ' , - >
< 字符常量 , " , - >
< ' , - >
< ) , - >
< { , - >
< if , 关键字 >
< ( , - >
< 标识符 , tmp_loc >
< - , - >
< 标识符 , location >
< > , - >
< 数字 , 1 >
< ) , - >
< { , - >
< 标识符 , cout >
< << , - >
< " , - >
< 字符串 , < 字符串 ,  >
< " , - >
< << , - >
< 标识符 , temp_string >
< << , - >
< " , - >
< 字符串 ,  > >
< " , - >
< << , - >
< 标识符 , endl >
< ; , - >
< } , - >
< 标识符 , cout >
< << , - >
< " , - >
< 字符串 , <  >
< " , - >
< << , - >
< 标识符 , resource >
< [ , - >
< 标识符 , tmp_loc >
< ] , - >
< << , - >
< " , - >
< 字符串 ,  , - > >
< " , - >
< << , - >
< 标识符 , endl >
< ; , - >
< 标识符 , location >
< = , - >
< 标识符 , tmp_loc >
< ; , - >
< 标识符 , location >
< ++ , - >
< ; , - >
< } , - >
< else , 关键字 >
< if , 关键字 >
< ( , - >
< 标识符 , resource >
< [ , - >
< 标识符 , tmp_loc >
< ] , - >
< == , - >
< ' , - >
< 字符常量 , \n >
< ' , - >
< ) , - >
< { , - >
< 标识符 , string >
< 标识符 , tmp >
< = , - >
< " , - >
< 字符串 , 第  >
< " , - >
< + , - >
< 标识符 , to_string >
< ( , - >
< 标识符 , lineNumber >
< ) , - >
< + , - >
< " , - >
< 字符串 ,  行有错误，多余双引号！\n >
< " , - >
< ; , - >
< 标识符 , errorMessage >
< = , - >
< 标识符 , errorMessage >
< + , - >
< 标识符 , tmp >
< ; , - >
< 标识符 , lineNumber >
< ++ , - >
< ; , - >
< 标识符 , location >
< ++ , - >
< ; , - >
< } , - >
< } , - >
< else , 关键字 >
< if , 关键字 >
< ( , - >
< 标识符 , resource >
< [ , - >
< 标识符 , location >
< ] , - >
< == , - >
< ' , - >
< 字符常量 , \' >
< ' , - >
< ) , - >
< { , - >
< 标识符 , cout >
< << , - >
< " , - >
< 字符串 , <  >
< " , - >
< << , - >
< 标识符 , resource >
< [ , - >
< 标识符 , location >
< ] , - >
< << , - >
< " , - >
< 字符串 ,  , - > >
< " , - >
< << , - >
< 标识符 , endl >
< ; , - >
< 标识符 , location >
< ++ , - >
< ; , - >
< if , 关键字 >
< ( , - >
< 标识符 , resource >
< [ , - >
< 标识符 , location >
< ] , - >
< == , - >
< ' , - >
< 字符常量 , \' >
< ' , - >
< ) , - >
< { , - >
< 标识符 , cout >
< << , - >
< " , - >
< 字符串 , <  >
< " , - >
< << , - >
< 标识符 , resource >
< [ , - >
< 标识符 , location >
< + , - >
< 数字 , 1 >
< ] , - >
< << , - >
< " , - >
< 字符串 ,  , - > >
< " , - >
< << , - >
< 标识符 , endl >
< ; , - >
< } , - >
< else , 关键字 >
< if , 关键字 >
< ( , - >
< 标识符 , resource >
< [ , - >
< 标识符 , location >
< ] , - >
< == , - >
< ' , - >
< 字符常量 , \\ >
< ' , - >
< && , - >
< 标识符 , resource >
< [ , - >
< 标识符 , location >
< + , - >
< 数字 , 2 >
< ] , - >
< == , - >
< ' , - >
< 字符常量 , \' >
< ' , - >
< ) , - >
< { , - >
< 标识符 , cout >
< << , - >
< " , - >
< 字符串 , < 字符常量 ,  >
< " , - >
< << , - >
< 标识符 , resource >
< [ , - >
< 标识符 , location >
< ] , - >
< << , - >
< 标识符 , resource >
< [ , - >
< 标识符 , location >
< + , - >
< 数字 , 1 >
< ] , - >
< << , - >
< " , - >
< 字符串 ,  > >
< " , - >
< << , - >
< 标识符 , endl >
< ; , - >
< 标识符 , cout >
< << , - >
< " , - >
< 字符串 , <  >
< " , - >
< << , - >
< 标识符 , resource >
< [ , - >
< 标识符 , location >
< + , - >
< 数字 , 2 >
< ] , - >
< << , - >
< " , - >
< 字符串 ,  , - > >
< " , - >
< << , - >
< 标识符 , endl >
< ; , - >
< 标识符 , location >
< += , - >
< 数字 , 3 >
< ; , - >
< } , - >
< else , 关键字 >
< if , 关键字 >
< ( , - >
< 标识符 , resource >
< [ , - >
< 标识符 , location >
< + , - >
< 数字 , 1 >
< ] , - >
< == , - >
< ' , - >
< 字符常量 , \' >
< ' , - >
< ) , - >
< { , - >
< 标识符 , cout >
< << , - >
< " , - >
< 字符串 , < 字符常量 ,  >
< " , - >
< << , - >
< 标识符 , resource >
< [ , - >
< 标识符 , location >
< ] , - >
< << , - >
< " , - >
< 字符串 ,  , - > >
< " , - >
< << , - >
< 标识符 , endl >
< ; , - >
< 标识符 , cout >
< << , - >
< " , - >
< 字符串 , <  >
< " , - >
< << , - >
< 标识符 , resource >
< [ , - >
< 标识符 , location >
< + , - >
< 数字 , 1 >
< ] , - >
< << , - >
< " , - >
< 字符串 ,  , - > >
< " , - >
< << , - >
< 标识符 , endl >
< ; , - >
< 标识符 , location >
< += , - >
< 数字 , 2 >
< ; , - >
< } , - >
< else , 关键字 >
< { , - >
< 标识符 , string >
< 标识符 , tmp >
< = , - >
< " , - >
< 字符串 , 第  >
< " , - >
< + , - >
< 标识符 , to_string >
< ( , - >
< 标识符 , lineNumber >
< ) , - >
< + , - >
< " , - >
< 字符串 ,  行有错误，多余单引号！\n >
< " , - >
< ; , - >
< 标识符 , errorMessage >
< = , - >
< 标识符 , errorMessage >
< + , - >
< 标识符 , tmp >
< ; , - >
< if , 关键字 >
< ( , - >
< 标识符 , resource >
< [ , - >
< 标识符 , location >
< ] , - >
< == , - >
< ' , - >
< 字符常量 , \n >
< ' , - >
< ) , - >
< { , - >
< 标识符 , lineNumber >
< ++ , - >
< ; , - >
< } , - >
< } , - >
< } , - >
< else , 关键字 >
< if , 关键字 >
< ( , - >
< 标识符 , isDelimiters >
< ( , - >
< 标识符 , resource >
< [ , - >
< 标识符 , location >
< ] , - >
< ) , - >
< ) , - >
< { , - >
< 标识符 , cout >
< << , - >
< " , - >
< 字符串 , <  >
< " , - >
< << , - >
< 标识符 , resource >
< [ , - >
< 标识符 , location >
< ] , - >
< << , - >
< " , - >
< 字符串 ,  , - > >
< " , - >
< << , - >
< 标识符 , endl >
< ; , - >
< 标识符 , location >
< ++ , - >
< ; , - >
< } , - >
< else , 关键字 >
< if , 关键字 >
< ( , - >
< 标识符 , isSperateOperator >
< ( , - >
< 标识符 , resource >
< [ , - >
< 标识符 , location >
< ] , - >
< ) , - >
< ) , - >
< { , - >
< if , 关键字 >
< ( , - >
< 标识符 , resource >
< [ , - >
< 标识符 , location >
< ] , - >
< == , - >
< ' , - >
< 字符常量 , < , - >
< ' , - >
< && , - >
< 标识符 , resource >
< [ , - >
< 标识符 , location >
< + , - >
< 数字 , 1 >
< ] , - >
< == , - >
< ' , - >
< 字符常量 , < , - >
< ' , - >
< && , - >
< 标识符 , resource >
< [ , - >
< 标识符 , location >
< + , - >
< 数字 , 2 >
< ] , - >
< == , - >
< ' , - >
< 字符常量 , = , - >
< ' , - >
< ) , - >
< { , - >
< 标识符 , cout >
< << , - >
< " , - >
< 字符串 , <  >
< " , - >
< << , - >
< 标识符 , resource >
< [ , - >
< 标识符 , location >
< ] , - >
< << , - >
< 标识符 , resource >
< [ , - >
< 标识符 , location >
< + , - >
< 数字 , 1 >
< ] , - >
< << , - >
< 标识符 , resource >
< [ , - >
< 标识符 , location >
< + , - >
< 数字 , 2 >
< ] , - >
< << , - >
< " , - >
< 字符串 ,  , - > >
< " , - >
< << , - >
< 标识符 , endl >
< ; , - >
< 标识符 , location >
< += , - >
< 数字 , 3 >
< ; , - >
< } , - >
< else , 关键字 >
< if , 关键字 >
< ( , - >
< 标识符 , resource >
< [ , - >
< 标识符 , location >
< ] , - >
< == , - >
< ' , - >
< 字符常量 , > , - >
< ' , - >
< && , - >
< 标识符 , resource >
< [ , - >
< 标识符 , location >
< + , - >
< 数字 , 1 >
< ] , - >
< == , - >
< ' , - >
< 字符常量 , > , - >
< ' , - >
< && , - >
< 标识符 , resource >
< [ , - >
< 标识符 , location >
< + , - >
< 数字 , 2 >
< ] , - >
< == , - >
< ' , - >
< 字符常量 , = , - >
< ' , - >
< ) , - >
< { , - >
< 标识符 , cout >
< << , - >
< " , - >
< 字符串 , <  >
< " , - >
< << , - >
< 标识符 , resource >
< [ , - >
< 标识符 , location >
< ] , - >
< << , - >
< 标识符 , resource >
< [ , - >
< 标识符 , location >
< + , - >
< 数字 , 1 >
< ] , - >
< << , - >
< 标识符 , resource >
< [ , - >
< 标识符 , location >
< + , - >
< 数字 , 2 >
< ] , - >
< << , - >
< " , - >
< 字符串 ,  , - > >
< " , - >
< << , - >
< 标识符 , endl >
< ; , - >
< 标识符 , location >
< += , - >
< 数字 , 3 >
< ; , - >
< } , - >
< else , 关键字 >
< if , 关键字 >
< ( , - >
< 标识符 , isSperateOperator >
< ( , - >
< 标识符 , resource >
< [ , - >
< 标识符 , location >
< + , - >
< 数字 , 1 >
< ] , - >
< ) , - >
< ) , - >
< { , - >
< 标识符 , string >
< 标识符 , tmp_Operator >
< = , - >
< " , - >
< " , - >
< ; , - >
< 标识符 , tmp_Operator >
< = , - >
< 标识符 , tmp_Operator >
< + , - >
< 标识符 , resource >
< [ , - >
< 标识符 , location >
< ] , - >
< ; , - >
< 标识符 , tmp_Operator >
< = , - >
< 标识符 , tmp_Operator >
< + , - >
< 标识符 , resource >
< [ , - >
< 标识符 , location >
< + , - >
< 数字 , 1 >
< ] , - >
< ; , - >
< if , 关键字 >
< ( , - >
< 标识符 , isOperator >
< ( , - >
< 标识符 , tmp_Operator >
< ) , - >
< ) , - >
< { , - >
< 标识符 , cout >
< << , - >
< " , - >
< 字符串 , <  >
< " , - >
< << , - >
< 标识符 , tmp_Operator >
< << , - >
< " , - >
< 字符串 ,  , - > >
< " , - >
< << , - >
< 标识符 , endl >
< ; , - >
< } , - >
< else , 关键字 >
< { , - >
< 标识符 , string >
< 标识符 , tmp >
< = , - >
< " , - >
< 字符串 , 第  >
< " , - >
< + , - >
< 标识符 , to_string >
< ( , - >
< 标识符 , lineNumber >
< ) , - >
< + , - >
< " , - >
< 字符串 ,  行有错误！\n >
< " , - >
< ; , - >
< 标识符 , errorMessage >
< = , - >
< 标识符 , errorMessage >
< + , - >
< 标识符 , tmp >
< ; , - >
< } , - >
< 标识符 , location >
< += , - >
< 数字 , 2 >
< ; , - >
< } , - >
< else , 关键字 >
< { , - >
< 标识符 , cout >
< << , - >
< " , - >
< 字符串 , <  >
< " , - >
< << , - >
< 标识符 , resource >
< [ , - >
< 标识符 , location >
< ] , - >
< << , - >
< " , - >
< 字符串 ,  , - > >
< " , - >
< << , - >
< 标识符 , endl >
< ; , - >
< 标识符 , location >
< += , - >
< 数字 , 1 >
< ; , - >
< } , - >
< } , - >
< else , 关键字 >
< { , - >
< 标识符 , string >
< 标识符 , tmp >
< = , - >
< " , - >
< 字符串 , 第  >
< " , - >
< + , - >
< 标识符 , to_string >
< ( , - >
< 标识符 , lineNumber >
< ) , - >
< + , - >
< " , - >
< 字符串 ,  行不可识别的字符 >
< " , - >
< + , - >
< 标识符 , resource >
< [ , - >
< 标识符 , location >
< ] , - >
< + , - >
< " , - >
< 字符串 , ! \n >
< " , - >
< ; , - >
< 标识符 , errorMessage >
< += , - >
< 标识符 , tmp >
< ; , - >
< 标识符 , location >
< ++ , - >
< ; , - >
< } , - >
< } , - >
< if , 关键字 >
< ( , - >
< 标识符 , errorMessage >
< != , - >
< " , - >
< " , - >
< ) , - >
< { , - >
< 标识符 , cout >
< << , - >
< 标识符 , endl >
< ; , - >
< 标识符 , cout >
< << , - >
< " , - >
< 字符串 , 代码出错地方： >
< " , - >
< << , - >
< 标识符 , endl >
< ; , - >
< 标识符 , cout >
< << , - >
< 标识符 , errorMessage >
< << , - >
< 标识符 , endl >
< ; , - >
< } , - >
< } , - >
< int , 关键字 >
< 标识符 , main >
< ( , - >
< ) , - >
< { , - >
< 标识符 , string >
< 标识符 , str >
< ; , - >
< 标识符 , string >
< 标识符 , tmp_str >
< = , - >
< " , - >
< " , - >
< ; , - >
< while , 关键字 >
< ( , - >
< 标识符 , getline >
< ( , - >
< 标识符 , cin >
< , , - >
< 标识符 , str >
< ) , - >
< && , - >
< 标识符 , str >
< != , - >
< " , - >
< 字符串 , EOF >
< " , - >
< ) , - >
< { , - >
< 标识符 , tmp_str >
< = , - >
< 标识符 , tmp_str >
< + , - >
< 标识符 , str >
< + , - >
< ' , - >
< 字符常量 , \n >
< ' , - >
< ; , - >
< } , - >
< 标识符 , lexical_analyze >
< ( , - >
< 标识符 , tmp_str >
< , , - >
< 数字 , 0 >
< ) , - >
< ; , - >
< 标识符 , cout >
< << , - >
< " , - >
< 字符串 , 源程序总行数： >
< " , - >
< << , - >
< 标识符 , lineNumber >
< << , - >
< 标识符 , endl >
< ; , - >
< return , 关键字 >
< 数字 , 0 >
< ; , - >
< } , - >

代码出错地方：
第 11 行常数12.abc有错误！
第 12 行常数12$asfd有错误！
第 13 行标识符abs$DS有错误！
第 19 行注释有错误

源程序总行数：418





